<?xml version="1.0" encoding="UTF-8"?>
<!-- Generated by org.testng.reporters.JUnitReportReporter -->
<testsuite skipped="0" hostname="IBM-Testing01" name="GroupDemo.Group1" tests="1" failures="0" timestamp="08 Jan 2020 05:50:37 GMT" time="0.014" errors="0">
  <testcase name="test2" time="0.014" classname="GroupDemo.Group1"/>
</testsuite> <!-- GroupDemo.Group1 -->
