<?xml version="1.0" encoding="UTF-8"?>
<!-- Generated by org.testng.reporters.JUnitReportReporter -->
<testsuite skipped="0" hostname="IBM-Testing01" name="ListenersDemo.VerifyGooglePageTest" tests="2" failures="0" timestamp="08 Jan 2020 06:45:42 GMT" time="17.304" errors="0">
  <testcase name="Checktitle" time="8.983" classname="ListenersDemo.VerifyGooglePageTest"/>
  <testcase name="CheckLogo" time="8.321" classname="ListenersDemo.VerifyGooglePageTest"/>
</testsuite> <!-- ListenersDemo.VerifyGooglePageTest -->
