<?xml version="1.0" encoding="UTF-8"?>
<!-- Generated by org.testng.reporters.JUnitReportReporter -->
<testsuite skipped="0" hostname="IBM-Testing01" name="VerifyGooglePageTest" tests="2" failures="0" timestamp="08 Jan 2020 04:04:28 GMT" time="18.193" errors="0">
  <testcase name="Checktitle" time="9.663" classname="VerifyGooglePageTest"/>
  <testcase name="CheckLogo" time="8.530" classname="VerifyGooglePageTest"/>
</testsuite> <!-- VerifyGooglePageTest -->
