<?xml version="1.0" encoding="UTF-8"?>
<!-- Generated by org.testng.reporters.JUnitReportReporter -->
<testsuite skipped="0" hostname="IBM-Testing01" name="AnnotationDemo" tests="1" failures="0" timestamp="06 Jan 2020 09:55:32 GMT" time="0.027" errors="0">
  <testcase name="checktitle" time="0.027" classname="AnnotationDemo"/>
</testsuite> <!-- AnnotationDemo -->
