<?xml version="1.0" encoding="UTF-8"?>
<!-- Generated by org.testng.reporters.JUnitReportReporter -->
<testsuite skipped="0" hostname="IBM-Testing01" name="DependonMethodsDemo" tests="3" failures="0" timestamp="08 Jan 2020 03:49:03 GMT" time="0.015" errors="0">
  <testcase name="login" time="0.003" classname="DependonMethodsDemo"/>
  <testcase name="logoff" time="0.000" classname="DependonMethodsDemo"/>
  <testcase name="startpage" time="0.012" classname="DependonMethodsDemo"/>
</testsuite> <!-- DependonMethodsDemo -->
