<?xml version="1.0" encoding="UTF-8"?>
<!-- Generated by org.testng.reporters.JUnitReportReporter -->
<testsuite skipped="0" hostname="IBM-Testing01" name="GroupDemo.Group2" tests="2" failures="0" timestamp="08 Jan 2020 05:48:15 GMT" time="0.010" errors="0">
  <testcase name="test4" time="0.010" classname="GroupDemo.Group2"/>
  <testcase name="test3" time="0.000" classname="GroupDemo.Group2"/>
</testsuite> <!-- GroupDemo.Group2 -->
