<?xml version="1.0" encoding="UTF-8"?>
<!-- Generated by org.testng.reporters.JUnitReportReporter -->
<testsuite skipped="0" hostname="IBM-Testing01" name="AppInDemo" tests="3" failures="0" timestamp="06 Jan 2020 11:14:49 GMT" time="0.023" errors="0">
  <testcase name="startpage" time="0.017" classname="AppInDemo"/>
  <testcase name="login" time="0.006" classname="AppInDemo"/>
  <testcase name="logoff" time="0.000" classname="AppInDemo"/>
</testsuite> <!-- AppInDemo -->
