<?xml version="1.0" encoding="UTF-8"?>
<!-- Generated by org.testng.reporters.JUnitReportReporter -->
<testsuite skipped="0" hostname="IBM-Testing01" name="SuiteLevel.VerifyGooglePageTest" tests="2" failures="0" timestamp="08 Jan 2020 06:44:23 GMT" time="17.756" errors="0">
  <testcase name="Checktitle" time="9.655" classname="SuiteLevel.VerifyGooglePageTest"/>
  <testcase name="CheckLogo" time="8.101" classname="SuiteLevel.VerifyGooglePageTest"/>
</testsuite> <!-- SuiteLevel.VerifyGooglePageTest -->
