<?xml version="1.0" encoding="UTF-8"?>
<!-- Generated by org.testng.reporters.JUnitReportReporter -->
<testsuite skipped="0" hostname="IBM-Testing01" name="SuiteLevel.AnnotationDemo" tests="1" failures="0" timestamp="08 Jan 2020 06:44:23 GMT" time="0.005" errors="0">
  <testcase name="checktitle" time="0.005" classname="SuiteLevel.AnnotationDemo"/>
</testsuite> <!-- SuiteLevel.AnnotationDemo -->
